        -:    0:Source:TestCollatz.c++
        -:    0:Graph:TestCollatz.gcno
        -:    0:Data:TestCollatz.gcda
        -:    0:Runs:1
        -:    0:Programs:1
        -:    1:// --------------------------------
        -:    2:// projects/collatz/TestCollatz.c++
        -:    3:// Copyright (C) 2015
        -:    4:// Glenn P. Downing
        -:    5:// --------------------------------
        -:    6:
        -:    7:// https://code.google.com/p/googletest/wiki/V1_7_Primer#Basic_Assertions
        -:    8:
        -:    9:// --------
        -:   10:// includes
        -:   11:// --------
        -:   12:
        -:   13:#include <iostream> // cout, endl
        -:   14:#include <sstream>  // istringtstream, ostringstream
        -:   15:#include <string>   // string
        -:   16:#include <utility>  // pair
        -:   17:
        -:   18:#include "gtest/gtest.h"
        -:   19:
        -:   20:#include "Collatz.h"
        -:   21:
        -:   22:using namespace std;
        -:   23:
        -:   24:// -----------
        -:   25:// TestCollatz
        -:   26:// -----------
        -:   27:
        -:   28:// ----
        -:   29:// read
        -:   30:// ----
        -:   31:
function _ZN24CollatzFixture_read_TestD0Ev called 1 returned 100% blocks executed 100%
function _ZN24CollatzFixture_read_TestD2Ev called 1 returned 100% blocks executed 75%
function _ZN24CollatzFixture_read_Test8TestBodyEv called 1 returned 100% blocks executed 40%
function _ZN24CollatzFixture_read_TestC2Ev called 1 returned 100% blocks executed 100%
        5:   32:TEST(CollatzFixture, read) {
call    0 returned 100%
call    1 returned 100%
call    2 returned 100%
call    3 returned 100%
call    4 returned 100%
branch  5 taken 100% (fallthrough)
branch  6 taken 0% (throw)
call    7 returned 100%
branch  8 taken 100% (fallthrough)
branch  9 taken 0% (throw)
call   10 returned 100%
branch 11 taken 100% (fallthrough)
branch 12 taken 0% (throw)
call   13 returned 100%
call   14 returned 100%
call   15 returned 100%
call   16 never executed
call   17 never executed
call   18 never executed
call   19 never executed
call   20 returned 100%
call   21 returned 100%
call   22 returned 100%
branch 23 taken 0% (fallthrough)
branch 24 taken 100%
call   25 never executed
call   26 returned 100%
        2:   33:    string s("1 10\n");
call    0 returned 100%
call    1 returned 100%
branch  2 taken 100% (fallthrough)
branch  3 taken 0% (throw)
call    4 returned 100%
call    5 never executed
call    6 never executed
        1:   34:    const pair<int, int> p = collatz_read(s);
call    0 returned 100%
branch  1 taken 100% (fallthrough)
branch  2 taken 0% (throw)
        1:   35:    ASSERT_EQ( 1, p.first);
call    0 returned 100%
branch  1 taken 100% (fallthrough)
branch  2 taken 0% (throw)
call    3 returned 100%
branch  4 taken 0% (fallthrough)
branch  5 taken 100%
call    6 never executed
branch  7 never executed
branch  8 never executed
call    9 never executed
branch 10 never executed
branch 11 never executed
call   12 never executed
branch 13 never executed
branch 14 never executed
call   15 never executed
branch 16 never executed
branch 17 never executed
call   18 never executed
call   19 never executed
call   20 returned 100%
branch 21 taken 100%
branch 22 taken 0%
call   23 never executed
call   24 never executed
call   25 never executed
        1:   36:    ASSERT_EQ(10, p.second);}
call    0 returned 100%
branch  1 taken 100% (fallthrough)
branch  2 taken 0% (throw)
call    3 returned 100%
branch  4 taken 0% (fallthrough)
branch  5 taken 100%
call    6 never executed
branch  7 never executed
branch  8 never executed
call    9 never executed
branch 10 never executed
branch 11 never executed
call   12 never executed
branch 13 never executed
branch 14 never executed
call   15 never executed
branch 16 never executed
branch 17 never executed
call   18 never executed
call   19 never executed
call   20 returned 100%
branch 21 taken 100%
branch 22 taken 0%
call   23 returned 100%
branch 24 taken 100%
branch 25 taken 0%
call   26 never executed
call   27 never executed
call   28 never executed
        -:   37:
        -:   38:// ------
        -:   39:// cycle_length
        -:   40:// ------
function _ZN34CollatzFixture_cycle_length_1_TestD0Ev called 1 returned 100% blocks executed 100%
function _ZN34CollatzFixture_cycle_length_1_TestD2Ev called 1 returned 100% blocks executed 75%
function _ZN34CollatzFixture_cycle_length_1_Test8TestBodyEv called 1 returned 100% blocks executed 41%
function _ZN34CollatzFixture_cycle_length_1_TestC2Ev called 1 returned 100% blocks executed 100%
        5:   41:TEST(CollatzFixture, cycle_length_1) {
call    0 returned 100%
call    1 returned 100%
call    2 returned 100%
call    3 returned 100%
call    4 returned 100%
branch  5 taken 100% (fallthrough)
branch  6 taken 0% (throw)
call    7 returned 100%
branch  8 taken 100% (fallthrough)
branch  9 taken 0% (throw)
call   10 returned 100%
branch 11 taken 100% (fallthrough)
branch 12 taken 0% (throw)
call   13 returned 100%
call   14 returned 100%
call   15 returned 100%
call   16 never executed
call   17 never executed
call   18 never executed
call   19 never executed
call   20 returned 100%
call   21 returned 100%
call   22 returned 100%
branch 23 taken 0% (fallthrough)
branch 24 taken 100%
call   25 never executed
call   26 returned 100%
        1:   42:  const int v = cycle_length(1);
call    0 returned 100%
branch  1 taken 100% (fallthrough)
branch  2 taken 0% (throw)
        1:   43:  ASSERT_EQ( 1, v);
call    0 returned 100%
branch  1 taken 100% (fallthrough)
branch  2 taken 0% (throw)
call    3 returned 100%
branch  4 taken 0% (fallthrough)
branch  5 taken 100%
call    6 never executed
branch  7 never executed
branch  8 never executed
call    9 never executed
branch 10 never executed
branch 11 never executed
call   12 never executed
branch 13 never executed
branch 14 never executed
call   15 never executed
branch 16 never executed
branch 17 never executed
call   18 never executed
call   19 never executed
call   20 returned 100%
branch 21 taken 100%
branch 22 taken 0%
call   23 never executed
call   24 never executed
call   25 never executed
        -:   44:}
        -:   45:
function _ZN34CollatzFixture_cycle_length_2_TestD0Ev called 1 returned 100% blocks executed 100%
function _ZN34CollatzFixture_cycle_length_2_TestD2Ev called 1 returned 100% blocks executed 75%
function _ZN34CollatzFixture_cycle_length_2_Test8TestBodyEv called 1 returned 100% blocks executed 41%
function _ZN34CollatzFixture_cycle_length_2_TestC2Ev called 1 returned 100% blocks executed 100%
        5:   46:TEST(CollatzFixture, cycle_length_2) {
call    0 returned 100%
call    1 returned 100%
call    2 returned 100%
call    3 returned 100%
call    4 returned 100%
branch  5 taken 100% (fallthrough)
branch  6 taken 0% (throw)
call    7 returned 100%
branch  8 taken 100% (fallthrough)
branch  9 taken 0% (throw)
call   10 returned 100%
branch 11 taken 100% (fallthrough)
branch 12 taken 0% (throw)
call   13 returned 100%
call   14 returned 100%
call   15 returned 100%
call   16 never executed
call   17 never executed
call   18 never executed
call   19 never executed
call   20 returned 100%
call   21 returned 100%
call   22 returned 100%
branch 23 taken 0% (fallthrough)
branch 24 taken 100%
call   25 never executed
call   26 returned 100%
        1:   47:  const int v = cycle_length(2);
call    0 returned 100%
branch  1 taken 100% (fallthrough)
branch  2 taken 0% (throw)
        1:   48:  ASSERT_EQ( 2, v);
call    0 returned 100%
branch  1 taken 100% (fallthrough)
branch  2 taken 0% (throw)
call    3 returned 100%
branch  4 taken 0% (fallthrough)
branch  5 taken 100%
call    6 never executed
branch  7 never executed
branch  8 never executed
call    9 never executed
branch 10 never executed
branch 11 never executed
call   12 never executed
branch 13 never executed
branch 14 never executed
call   15 never executed
branch 16 never executed
branch 17 never executed
call   18 never executed
call   19 never executed
call   20 returned 100%
branch 21 taken 100%
branch 22 taken 0%
call   23 never executed
call   24 never executed
call   25 never executed
        -:   49:}
        -:   50:
function _ZN35CollatzFixture_cycle_length_10_TestD0Ev called 1 returned 100% blocks executed 100%
function _ZN35CollatzFixture_cycle_length_10_TestD2Ev called 1 returned 100% blocks executed 75%
function _ZN35CollatzFixture_cycle_length_10_Test8TestBodyEv called 1 returned 100% blocks executed 41%
function _ZN35CollatzFixture_cycle_length_10_TestC2Ev called 1 returned 100% blocks executed 100%
        5:   51:TEST(CollatzFixture, cycle_length_10) {
call    0 returned 100%
call    1 returned 100%
call    2 returned 100%
call    3 returned 100%
call    4 returned 100%
branch  5 taken 100% (fallthrough)
branch  6 taken 0% (throw)
call    7 returned 100%
branch  8 taken 100% (fallthrough)
branch  9 taken 0% (throw)
call   10 returned 100%
branch 11 taken 100% (fallthrough)
branch 12 taken 0% (throw)
call   13 returned 100%
call   14 returned 100%
call   15 returned 100%
call   16 never executed
call   17 never executed
call   18 never executed
call   19 never executed
call   20 returned 100%
call   21 returned 100%
call   22 returned 100%
branch 23 taken 0% (fallthrough)
branch 24 taken 100%
call   25 never executed
call   26 returned 100%
        1:   52:  const int v = cycle_length(10);
call    0 returned 100%
branch  1 taken 100% (fallthrough)
branch  2 taken 0% (throw)
        1:   53:  ASSERT_EQ( 7, v);
call    0 returned 100%
branch  1 taken 100% (fallthrough)
branch  2 taken 0% (throw)
call    3 returned 100%
branch  4 taken 0% (fallthrough)
branch  5 taken 100%
call    6 never executed
branch  7 never executed
branch  8 never executed
call    9 never executed
branch 10 never executed
branch 11 never executed
call   12 never executed
branch 13 never executed
branch 14 never executed
call   15 never executed
branch 16 never executed
branch 17 never executed
call   18 never executed
call   19 never executed
call   20 returned 100%
branch 21 taken 100%
branch 22 taken 0%
call   23 never executed
call   24 never executed
call   25 never executed
        -:   54:}
        -:   55:
        -:   56:// ----
        -:   57:// eval
        -:   58:// ----
        -:   59:
function _ZN26CollatzFixture_eval_1_TestD0Ev called 1 returned 100% blocks executed 100%
function _ZN26CollatzFixture_eval_1_TestD2Ev called 1 returned 100% blocks executed 75%
function _ZN26CollatzFixture_eval_1_Test8TestBodyEv called 1 returned 100% blocks executed 41%
function _ZN26CollatzFixture_eval_1_TestC2Ev called 1 returned 100% blocks executed 100%
        5:   60:TEST(CollatzFixture, eval_1) {
call    0 returned 100%
call    1 returned 100%
call    2 returned 100%
call    3 returned 100%
call    4 returned 100%
branch  5 taken 100% (fallthrough)
branch  6 taken 0% (throw)
call    7 returned 100%
branch  8 taken 100% (fallthrough)
branch  9 taken 0% (throw)
call   10 returned 100%
branch 11 taken 100% (fallthrough)
branch 12 taken 0% (throw)
call   13 returned 100%
call   14 returned 100%
call   15 returned 100%
call   16 never executed
call   17 never executed
call   18 never executed
call   19 never executed
call   20 returned 100%
call   21 returned 100%
call   22 returned 100%
branch 23 taken 0% (fallthrough)
branch 24 taken 100%
call   25 never executed
call   26 returned 100%
        1:   61:    const int v = collatz_eval(1, 10);
call    0 returned 100%
branch  1 taken 100% (fallthrough)
branch  2 taken 0% (throw)
        1:   62:    ASSERT_EQ(20, v);}
call    0 returned 100%
branch  1 taken 100% (fallthrough)
branch  2 taken 0% (throw)
call    3 returned 100%
branch  4 taken 0% (fallthrough)
branch  5 taken 100%
call    6 never executed
branch  7 never executed
branch  8 never executed
call    9 never executed
branch 10 never executed
branch 11 never executed
call   12 never executed
branch 13 never executed
branch 14 never executed
call   15 never executed
branch 16 never executed
branch 17 never executed
call   18 never executed
call   19 never executed
call   20 returned 100%
branch 21 taken 100%
branch 22 taken 0%
call   23 never executed
call   24 never executed
call   25 never executed
        -:   63:
function _ZN26CollatzFixture_eval_2_TestD0Ev called 1 returned 100% blocks executed 100%
function _ZN26CollatzFixture_eval_2_TestD2Ev called 1 returned 100% blocks executed 75%
function _ZN26CollatzFixture_eval_2_Test8TestBodyEv called 1 returned 100% blocks executed 41%
function _ZN26CollatzFixture_eval_2_TestC2Ev called 1 returned 100% blocks executed 100%
        5:   64:TEST(CollatzFixture, eval_2) {
call    0 returned 100%
call    1 returned 100%
call    2 returned 100%
call    3 returned 100%
call    4 returned 100%
branch  5 taken 100% (fallthrough)
branch  6 taken 0% (throw)
call    7 returned 100%
branch  8 taken 100% (fallthrough)
branch  9 taken 0% (throw)
call   10 returned 100%
branch 11 taken 100% (fallthrough)
branch 12 taken 0% (throw)
call   13 returned 100%
call   14 returned 100%
call   15 returned 100%
call   16 never executed
call   17 never executed
call   18 never executed
call   19 never executed
call   20 returned 100%
call   21 returned 100%
call   22 returned 100%
branch 23 taken 0% (fallthrough)
branch 24 taken 100%
call   25 never executed
call   26 returned 100%
        1:   65:    const int v = collatz_eval(100, 200);
call    0 returned 100%
branch  1 taken 100% (fallthrough)
branch  2 taken 0% (throw)
        1:   66:    ASSERT_EQ(125, v);}
call    0 returned 100%
branch  1 taken 100% (fallthrough)
branch  2 taken 0% (throw)
call    3 returned 100%
branch  4 taken 0% (fallthrough)
branch  5 taken 100%
call    6 never executed
branch  7 never executed
branch  8 never executed
call    9 never executed
branch 10 never executed
branch 11 never executed
call   12 never executed
branch 13 never executed
branch 14 never executed
call   15 never executed
branch 16 never executed
branch 17 never executed
call   18 never executed
call   19 never executed
call   20 returned 100%
branch 21 taken 100%
branch 22 taken 0%
call   23 never executed
call   24 never executed
call   25 never executed
        -:   67:
function _ZN26CollatzFixture_eval_3_TestD0Ev called 1 returned 100% blocks executed 100%
function _ZN26CollatzFixture_eval_3_TestD2Ev called 1 returned 100% blocks executed 75%
function _ZN26CollatzFixture_eval_3_Test8TestBodyEv called 1 returned 100% blocks executed 41%
function _ZN26CollatzFixture_eval_3_TestC2Ev called 1 returned 100% blocks executed 100%
        5:   68:TEST(CollatzFixture, eval_3) {
call    0 returned 100%
call    1 returned 100%
call    2 returned 100%
call    3 returned 100%
call    4 returned 100%
branch  5 taken 100% (fallthrough)
branch  6 taken 0% (throw)
call    7 returned 100%
branch  8 taken 100% (fallthrough)
branch  9 taken 0% (throw)
call   10 returned 100%
branch 11 taken 100% (fallthrough)
branch 12 taken 0% (throw)
call   13 returned 100%
call   14 returned 100%
call   15 returned 100%
call   16 never executed
call   17 never executed
call   18 never executed
call   19 never executed
call   20 returned 100%
call   21 returned 100%
call   22 returned 100%
branch 23 taken 0% (fallthrough)
branch 24 taken 100%
call   25 never executed
call   26 returned 100%
        1:   69:    const int v = collatz_eval(201, 210);
call    0 returned 100%
branch  1 taken 100% (fallthrough)
branch  2 taken 0% (throw)
        1:   70:    ASSERT_EQ(89, v);}
call    0 returned 100%
branch  1 taken 100% (fallthrough)
branch  2 taken 0% (throw)
call    3 returned 100%
branch  4 taken 0% (fallthrough)
branch  5 taken 100%
call    6 never executed
branch  7 never executed
branch  8 never executed
call    9 never executed
branch 10 never executed
branch 11 never executed
call   12 never executed
branch 13 never executed
branch 14 never executed
call   15 never executed
branch 16 never executed
branch 17 never executed
call   18 never executed
call   19 never executed
call   20 returned 100%
branch 21 taken 100%
branch 22 taken 0%
call   23 never executed
call   24 never executed
call   25 never executed
        -:   71:
function _ZN26CollatzFixture_eval_4_TestD0Ev called 1 returned 100% blocks executed 100%
function _ZN26CollatzFixture_eval_4_TestD2Ev called 1 returned 100% blocks executed 75%
function _ZN26CollatzFixture_eval_4_Test8TestBodyEv called 1 returned 100% blocks executed 41%
function _ZN26CollatzFixture_eval_4_TestC2Ev called 1 returned 100% blocks executed 100%
        5:   72:TEST(CollatzFixture, eval_4) {
call    0 returned 100%
call    1 returned 100%
call    2 returned 100%
call    3 returned 100%
call    4 returned 100%
branch  5 taken 100% (fallthrough)
branch  6 taken 0% (throw)
call    7 returned 100%
branch  8 taken 100% (fallthrough)
branch  9 taken 0% (throw)
call   10 returned 100%
branch 11 taken 100% (fallthrough)
branch 12 taken 0% (throw)
call   13 returned 100%
call   14 returned 100%
call   15 returned 100%
call   16 never executed
call   17 never executed
call   18 never executed
call   19 never executed
call   20 returned 100%
call   21 returned 100%
call   22 returned 100%
branch 23 taken 0% (fallthrough)
branch 24 taken 100%
call   25 never executed
call   26 returned 100%
        1:   73:    const int v = collatz_eval(900, 1000);
call    0 returned 100%
branch  1 taken 100% (fallthrough)
branch  2 taken 0% (throw)
        1:   74:    ASSERT_EQ(174, v);}
call    0 returned 100%
branch  1 taken 100% (fallthrough)
branch  2 taken 0% (throw)
call    3 returned 100%
branch  4 taken 0% (fallthrough)
branch  5 taken 100%
call    6 never executed
branch  7 never executed
branch  8 never executed
call    9 never executed
branch 10 never executed
branch 11 never executed
call   12 never executed
branch 13 never executed
branch 14 never executed
call   15 never executed
branch 16 never executed
branch 17 never executed
call   18 never executed
call   19 never executed
call   20 returned 100%
branch 21 taken 100%
branch 22 taken 0%
call   23 never executed
call   24 never executed
call   25 never executed
        -:   75:
        -:   76:// -----
        -:   77:// print
        -:   78:// -----
        -:   79:
function _ZN25CollatzFixture_print_TestD0Ev called 1 returned 100% blocks executed 100%
function _ZN25CollatzFixture_print_TestD2Ev called 1 returned 100% blocks executed 75%
function _ZN25CollatzFixture_print_Test8TestBodyEv called 1 returned 100% blocks executed 47%
function _ZN25CollatzFixture_print_TestC2Ev called 1 returned 100% blocks executed 100%
        5:   80:TEST(CollatzFixture, print) {
call    0 returned 100%
call    1 returned 100%
call    2 returned 100%
call    3 returned 100%
call    4 returned 100%
branch  5 taken 100% (fallthrough)
branch  6 taken 0% (throw)
call    7 returned 100%
branch  8 taken 100% (fallthrough)
branch  9 taken 0% (throw)
call   10 returned 100%
branch 11 taken 100% (fallthrough)
branch 12 taken 0% (throw)
call   13 returned 100%
call   14 returned 100%
call   15 returned 100%
call   16 never executed
call   17 never executed
call   18 never executed
call   19 never executed
call   20 returned 100%
call   21 returned 100%
call   22 returned 100%
branch 23 taken 0% (fallthrough)
branch 24 taken 100%
call   25 never executed
call   26 returned 100%
        2:   81:    ostringstream w;
call    0 returned 100%
branch  1 taken 100% (fallthrough)
branch  2 taken 0% (throw)
call    3 never executed
call    4 never executed
        1:   82:    collatz_print(w, 1, 10, 20);
call    0 returned 100%
branch  1 taken 100% (fallthrough)
branch  2 taken 0% (throw)
        1:   83:    ASSERT_EQ("1 10 20\n", w.str());}
call    0 returned 100%
branch  1 taken 100% (fallthrough)
branch  2 taken 0% (throw)
call    3 returned 100%
branch  4 taken 100% (fallthrough)
branch  5 taken 0% (throw)
call    6 returned 100%
call    7 returned 100%
branch  8 taken 0% (fallthrough)
branch  9 taken 100%
call   10 never executed
branch 11 never executed
branch 12 never executed
call   13 never executed
branch 14 never executed
branch 15 never executed
call   16 never executed
branch 17 never executed
branch 18 never executed
call   19 never executed
branch 20 never executed
branch 21 never executed
call   22 never executed
call   23 never executed
call   24 returned 100%
branch 25 taken 100%
branch 26 taken 0%
call   27 returned 100%
branch 28 taken 100%
branch 29 taken 0%
call   30 never executed
call   31 never executed
call   32 never executed
        -:   84:
        -:   85:// -----
        -:   86:// solve
        -:   87:// -----
        -:   88:
function _ZN27CollatzFixture_solve_1_TestD0Ev called 1 returned 100% blocks executed 100%
function _ZN27CollatzFixture_solve_1_TestD2Ev called 1 returned 100% blocks executed 75%
function _ZN27CollatzFixture_solve_1_Test8TestBodyEv called 1 returned 100% blocks executed 50%
function _ZN27CollatzFixture_solve_1_TestC2Ev called 1 returned 100% blocks executed 100%
        5:   89:TEST(CollatzFixture, solve_1) {
call    0 returned 100%
call    1 returned 100%
call    2 returned 100%
call    3 returned 100%
call    4 returned 100%
branch  5 taken 100% (fallthrough)
branch  6 taken 0% (throw)
call    7 returned 100%
branch  8 taken 100% (fallthrough)
branch  9 taken 0% (throw)
call   10 returned 100%
branch 11 taken 100% (fallthrough)
branch 12 taken 0% (throw)
call   13 returned 100%
call   14 returned 100%
call   15 returned 100%
call   16 never executed
call   17 never executed
call   18 never executed
call   19 never executed
call   20 returned 100%
call   21 returned 100%
call   22 returned 100%
branch 23 taken 0% (fallthrough)
branch 24 taken 100%
call   25 never executed
call   26 returned 100%
        2:   90:    istringstream r("1 10\n100 200\n201 210\n900 1000\n");
call    0 returned 100%
call    1 returned 100%
branch  2 taken 100% (fallthrough)
branch  3 taken 0% (throw)
call    4 returned 100%
branch  5 taken 100% (fallthrough)
branch  6 taken 0% (throw)
call    7 returned 100%
call    8 returned 100%
call    9 never executed
call   10 never executed
call   11 never executed
call   12 never executed
        2:   91:    ostringstream w;
call    0 returned 100%
branch  1 taken 100% (fallthrough)
branch  2 taken 0% (throw)
call    3 returned 100%
branch  4 taken 100%
branch  5 taken 0%
call    6 never executed
        1:   92:    collatz_solve(r, w);
call    0 returned 100%
branch  1 taken 100% (fallthrough)
branch  2 taken 0% (throw)
        1:   93:    ASSERT_EQ("1 10 20\n100 200 125\n201 210 89\n900 1000 174\n", w.str());}
call    0 returned 100%
branch  1 taken 100% (fallthrough)
branch  2 taken 0% (throw)
call    3 returned 100%
branch  4 taken 100% (fallthrough)
branch  5 taken 0% (throw)
call    6 returned 100%
call    7 returned 100%
branch  8 taken 0% (fallthrough)
branch  9 taken 100%
call   10 never executed
branch 11 never executed
branch 12 never executed
call   13 never executed
branch 14 never executed
branch 15 never executed
call   16 never executed
branch 17 never executed
branch 18 never executed
call   19 never executed
branch 20 never executed
branch 21 never executed
call   22 never executed
call   23 never executed
call   24 returned 100%
branch 25 taken 100%
branch 26 taken 0%
call   27 returned 100%
branch 28 taken 100%
branch 29 taken 0%
call   30 never executed
call   31 never executed
call   32 never executed
        -:   94:
function _ZN27CollatzFixture_solve_2_TestD0Ev called 1 returned 100% blocks executed 100%
function _ZN27CollatzFixture_solve_2_TestD2Ev called 1 returned 100% blocks executed 75%
function _ZN27CollatzFixture_solve_2_Test8TestBodyEv called 1 returned 100% blocks executed 50%
function _ZN27CollatzFixture_solve_2_TestC2Ev called 1 returned 100% blocks executed 100%
        5:   95:TEST(CollatzFixture, solve_2) {
call    0 returned 100%
call    1 returned 100%
call    2 returned 100%
call    3 returned 100%
call    4 returned 100%
branch  5 taken 100% (fallthrough)
branch  6 taken 0% (throw)
call    7 returned 100%
branch  8 taken 100% (fallthrough)
branch  9 taken 0% (throw)
call   10 returned 100%
branch 11 taken 100% (fallthrough)
branch 12 taken 0% (throw)
call   13 returned 100%
call   14 returned 100%
call   15 returned 100%
call   16 never executed
call   17 never executed
call   18 never executed
call   19 returned 100%
call   20 returned 100%
call   21 returned 100%
branch 22 taken 0% (fallthrough)
branch 23 taken 100%
call   24 never executed
call   25 returned 100%
        2:   96:    istringstream r("10 1\n200 100\n210 201\n1000 900\n");
call    0 returned 100%
call    1 returned 100%
branch  2 taken 100% (fallthrough)
branch  3 taken 0% (throw)
call    4 returned 100%
branch  5 taken 100% (fallthrough)
branch  6 taken 0% (throw)
call    7 returned 100%
call    8 returned 100%
call    9 never executed
call   10 never executed
call   11 never executed
call   12 never executed
        2:   97:    ostringstream w;
call    0 returned 100%
branch  1 taken 100% (fallthrough)
branch  2 taken 0% (throw)
call    3 returned 100%
branch  4 taken 100%
branch  5 taken 0%
call    6 never executed
        1:   98:    collatz_solve(r, w);
call    0 returned 100%
branch  1 taken 100% (fallthrough)
branch  2 taken 0% (throw)
function _GLOBAL__sub_I__ZN24CollatzFixture_read_Test10test_info_E called 1 returned 100% blocks executed 100%
function _Z41__static_initialization_and_destruction_0ii called 1 returned 100% blocks executed 64%
        4:   99:    ASSERT_EQ("10 1 20\n200 100 125\n210 201 89\n1000 900 174\n", w.str());}
call    0 returned 100%
branch  1 taken 100% (fallthrough)
branch  2 taken 0%
branch  3 taken 100% (fallthrough)
branch  4 taken 0%
call    5 returned 100%
branch  6 taken 100% (fallthrough)
branch  7 taken 0% (throw)
call    8 returned 100%
branch  9 taken 100% (fallthrough)
branch 10 taken 0% (throw)
call   11 returned 100%
call   12 returned 100%
branch 13 taken 0% (fallthrough)
branch 14 taken 100%
call   15 never executed
branch 16 never executed
branch 17 never executed
call   18 never executed
branch 19 never executed
branch 20 never executed
call   21 never executed
branch 22 never executed
branch 23 never executed
call   24 never executed
branch 25 never executed
branch 26 never executed
call   27 never executed
call   28 never executed
call   29 returned 100%
branch 30 taken 100%
branch 31 taken 0%
call   32 returned 100%
branch 33 taken 100%
branch 34 taken 0%
call   35 never executed
call   36 never executed
call   37 never executed
        -:  100:
        -:  101:/*
        -:  102:% g++ -fprofile-arcs -ftest-coverage -pedantic -std=c++11 -Wall Collatz.c++ TestCollatz.c++ -o TestCollatz -lgtest -lgtest_main -lpthread
        -:  103:
        -:  104:
        -:  105:
        -:  106:% valgrind TestCollatz                                         >  TestCollatz.out 2>&1
        -:  107:% gcov -b Collatz.c++     | grep -A 5 "File 'Collatz.c++'"     >> TestCollatz.out
        -:  108:% gcov -b TestCollatz.c++ | grep -A 5 "File 'TestCollatz.c++'" >> TestCollatz.out
        -:  109:
        -:  110:
        -:  111:
        -:  112:% cat TestCollatz.out
        -:  113:==14225== Memcheck, a memory error detector
        -:  114:==14225== Copyright (C) 2002-2011, and GNU GPL'd, by Julian Seward et al.
        -:  115:==14225== Using Valgrind-3.7.0 and LibVEX; rerun with -h for copyright info
        -:  116:==14225== Command: TestCollatz
        -:  117:==14225==
        -:  118:Running main() from gtest_main.cc
        -:  119:[==========] Running 7 tests from 1 test case.
        -:  120:[----------] Global test environment set-up.
        -:  121:[----------] 7 tests from Collatz
        -:  122:[ RUN      ] Collatz.read
        -:  123:[       OK ] Collatz.read (31 ms)
        -:  124:[ RUN      ] Collatz.eval_1
        -:  125:[       OK ] Collatz.eval_1 (5 ms)
        -:  126:[ RUN      ] Collatz.eval_2
        -:  127:[       OK ] Collatz.eval_2 (3 ms)
        -:  128:[ RUN      ] Collatz.eval_3
        -:  129:[       OK ] Collatz.eval_3 (3 ms)
        -:  130:[ RUN      ] Collatz.eval_4
        -:  131:[       OK ] Collatz.eval_4 (3 ms)
        -:  132:[ RUN      ] Collatz.print
        -:  133:[       OK ] Collatz.print (17 ms)
        -:  134:[ RUN      ] Collatz.solve
        -:  135:[       OK ] Collatz.solve (10 ms)
        -:  136:[----------] 7 tests from Collatz (88 ms total)
        -:  137:
        -:  138:[----------] Global test environment tear-down
        -:  139:[==========] 7 tests from 1 test case ran. (132 ms total)
        -:  140:[  PASSED  ] 7 tests.
        -:  141:==14225==
        -:  142:==14225== HEAP SUMMARY:
        -:  143:==14225==     in use at exit: 0 bytes in 0 blocks
        -:  144:==14225==   total heap usage: 495 allocs, 495 frees, 70,302 bytes allocated
        -:  145:==14225==
        -:  146:==14225== All heap blocks were freed -- no leaks are possible
        -:  147:==14225==
        -:  148:==14225== For counts of detected and suppressed errors, rerun with: -v
        -:  149:==14225== ERROR SUMMARY: 0 errors from 0 contexts (suppressed: 2 from 2)
        -:  150:File 'Collatz.c++'
        -:  151:Lines executed:100.00% of 17
        -:  152:Branches executed:100.00% of 18
        -:  153:Taken at least once:61.11% of 18
        -:  154:Calls executed:89.47% of 19
        -:  155:Creating 'Collatz.c++.gcov'
        -:  156:File 'TestCollatz.c++'
        -:  157:Lines executed:100.00% of 26
        -:  158:Branches executed:57.14% of 224
        -:  159:Taken at least once:28.57% of 224
        -:  160:Calls executed:54.07% of 209
        -:  161:Creating 'TestCollatz.c++.gcov'
        -:  162:*/
